<?xml version="1.0" encoding="UTF-8"?>
<testng-results ignored="0" total="2" passed="2" failed="0" skipped="0">
  <reporter-output>
  </reporter-output>
  <suite started-at="2024-06-22T14:37:43 IST" name="Suite" finished-at="2024-06-22T14:38:01 IST" duration-ms="17582">
    <groups>
      <group name="Regression">
        <method signature="TC001_AccountRegistrationTest.verify_account_registration()[pri:0, instance:testCases.TC001_AccountRegistrationTest@38f116f6]" name="verify_account_registration" class="testCases.TC001_AccountRegistrationTest"/>
      </group> <!-- Regression -->
      <group name="sanity">
        <method signature="TC002_LoginTest.Verify_Login()[pri:0, instance:testCases.TC002_LoginTest@5286c33a]" name="Verify_Login" class="testCases.TC002_LoginTest"/>
      </group> <!-- sanity -->
      <group name="master">
        <method signature="TC001_AccountRegistrationTest.verify_account_registration()[pri:0, instance:testCases.TC001_AccountRegistrationTest@38f116f6]" name="verify_account_registration" class="testCases.TC001_AccountRegistrationTest"/>
        <method signature="TC002_LoginTest.Verify_Login()[pri:0, instance:testCases.TC002_LoginTest@5286c33a]" name="Verify_Login" class="testCases.TC002_LoginTest"/>
      </group> <!-- master -->
    </groups>
    <test started-at="2024-06-22T14:37:43 IST" name="Test" finished-at="2024-06-22T14:38:01 IST" duration-ms="17582">
      <class name="testCases.TC002_LoginTest">
        <test-method is-config="true" signature="setup(java.lang.String,java.lang.String)[pri:0, instance:testCases.TC002_LoginTest@5286c33a]" started-at="2024-06-22T14:37:55 IST" name="setup" finished-at="2024-06-22T14:37:59 IST" duration-ms="3541" status="PASS">
          <params>
            <param index="0">
              <value>
                <![CDATA[windows]]>
              </value>
            </param>
            <param index="1">
              <value>
                <![CDATA[chrome]]>
              </value>
            </param>
          </params>
          <reporter-output>
          </reporter-output>
        </test-method> <!-- setup -->
        <test-method signature="Verify_Login()[pri:0, instance:testCases.TC002_LoginTest@5286c33a]" started-at="2024-06-22T14:37:59 IST" name="Verify_Login" finished-at="2024-06-22T14:38:00 IST" duration-ms="1621" status="PASS">
          <reporter-output>
          </reporter-output>
        </test-method> <!-- Verify_Login -->
        <test-method is-config="true" signature="tearDown()[pri:0, instance:testCases.TC002_LoginTest@5286c33a]" started-at="2024-06-22T14:38:01 IST" name="tearDown" finished-at="2024-06-22T14:38:01 IST" duration-ms="324" status="PASS">
          <reporter-output>
          </reporter-output>
        </test-method> <!-- tearDown -->
      </class> <!-- testCases.TC002_LoginTest -->
      <class name="testCases.TC001_AccountRegistrationTest">
        <test-method is-config="true" signature="setup(java.lang.String,java.lang.String)[pri:0, instance:testCases.TC001_AccountRegistrationTest@38f116f6]" started-at="2024-06-22T14:37:44 IST" name="setup" finished-at="2024-06-22T14:37:53 IST" duration-ms="9063" status="PASS">
          <params>
            <param index="0">
              <value>
                <![CDATA[windows]]>
              </value>
            </param>
            <param index="1">
              <value>
                <![CDATA[chrome]]>
              </value>
            </param>
          </params>
          <reporter-output>
          </reporter-output>
        </test-method> <!-- setup -->
        <test-method signature="verify_account_registration()[pri:0, instance:testCases.TC001_AccountRegistrationTest@38f116f6]" started-at="2024-06-22T14:37:53 IST" name="verify_account_registration" finished-at="2024-06-22T14:37:55 IST" duration-ms="2038" status="PASS">
          <reporter-output>
          </reporter-output>
        </test-method> <!-- verify_account_registration -->
        <test-method is-config="true" signature="tearDown()[pri:0, instance:testCases.TC001_AccountRegistrationTest@38f116f6]" started-at="2024-06-22T14:37:55 IST" name="tearDown" finished-at="2024-06-22T14:37:55 IST" duration-ms="438" status="PASS">
          <reporter-output>
          </reporter-output>
        </test-method> <!-- tearDown -->
      </class> <!-- testCases.TC001_AccountRegistrationTest -->
    </test> <!-- Test -->
  </suite> <!-- Suite -->
</testng-results>
